<?xml version="1.0" encoding="UTF-8"?>
<!-- Generated by org.testng.reporters.JUnitReportReporter -->
<testsuite skipped="0" hostname="LAPTOP-2PTSSEC5" name="Academy.Homepage" tests="2" failures="0" timestamp="28 Sep 2020 08:38:04 GMT" time="23.782" errors="0">
  <testcase name="hompage" time="18.140" classname="Academy.Homepage"/>
  <testcase name="hompage" time="5.642" classname="Academy.Homepage"/>
</testsuite> <!-- Academy.Homepage -->
