<?xml version="1.0" encoding="UTF-8"?>
<!-- Generated by org.testng.reporters.JUnitReportReporter -->
<testsuite skipped="0" hostname="LAPTOP-2PTSSEC5" name="Academy.Homepage" tests="2" failures="0" timestamp="28 Sep 2020 18:25:12 GMT" time="18.198" errors="0">
  <testcase name="hompage" time="4.774" classname="Academy.Homepage"/>
  <testcase name="hompage" time="13.424" classname="Academy.Homepage"/>
</testsuite> <!-- Academy.Homepage -->
