<?xml version="1.0" encoding="UTF-8"?>
<!-- Generated by org.testng.reporters.JUnitReportReporter -->
<testsuite skipped="0" hostname="LAPTOP-2PTSSEC5" name="Academy.Homepage" tests="2" failures="0" timestamp="28 Sep 2020 17:44:13 GMT" time="83.778" errors="0">
  <testcase name="hompage" time="4.721" classname="Academy.Homepage"/>
  <testcase name="hompage" time="79.057" classname="Academy.Homepage"/>
</testsuite> <!-- Academy.Homepage -->
