<?xml version="1.0" encoding="UTF-8"?>
<!-- Generated by org.testng.reporters.JUnitReportReporter -->
<testsuite skipped="0" hostname="LAPTOP-2PTSSEC5" name="Academy.ValidateNavigation" tests="1" failures="0" timestamp="28 Sep 2020 17:44:13 GMT" time="0.103" errors="0">
  <testcase name="validateNavigation" time="0.103" classname="Academy.ValidateNavigation"/>
</testsuite> <!-- Academy.ValidateNavigation -->
