<?xml version="1.0" encoding="UTF-8"?>
<!-- Generated by org.testng.reporters.JUnitReportReporter -->
<testsuite skipped="0" hostname="inbl01lap04326" name="Academy.Homepage" tests="2" failures="0" timestamp="05 May 2021 08:40:00 GMT" time="49.133" errors="0">
  <testcase name="hompage" time="30.746" classname="Academy.Homepage"/>
  <testcase name="hompage" time="18.387" classname="Academy.Homepage"/>
</testsuite> <!-- Academy.Homepage -->
